#
# A fatal error has been detected by the Java Runtime Environment:
#
#  EXCEPTION_ACCESS_VIOLATION (0xc0000005) at pc=0x00007ff9efbe5290, pid=18040, tid=7360
#
# JRE version: OpenJDK Runtime Environment (11.0.8+10) (build 11.0.8+10-b944.6842174)
# Java VM: OpenJDK 64-Bit Server VM (11.0.8+10-b944.6842174, mixed mode, tiered, compressed oops, g1 gc, windows-amd64)
# Problematic frame:
# V  [jvm.dll+0x355290]
#
# No core dump will be written. Minidumps are not enabled by default on client versions of Windows
#
# If you would like to submit a bug report, please visit:
#   https://bugreport.java.com/bugreport/crash.jsp
#

---------------  S U M M A R Y ------------

Command Line: org.jetbrains.kotlin.cli.jvm.K2JVMCompiler @D:\KOMUNITAS\INFORMOBILE\MovieZProject\app\build\20210806_10502413704241126225.compiler.options

Host: AMD Ryzen 5 3550H with Radeon Vega Mobile Gfx  , 8 cores, 15G,  Windows 10 , 64 bit Build 19041 (10.0.19041.1023)
Time: Fri Aug  6 15:05:11 2021 SE Asia Standard Time elapsed time: 12 seconds (0d 0h 0m 12s)

---------------  T H R E A D  ---------------

Current thread (0x000001534f2b1000):  JavaThread "C2 CompilerThread1" daemon [_thread_in_native, id=7360, stack(0x00000002bc800000,0x00000002bc900000)]


Current CompileTask:
C2:  12537 5186       4       java.lang.ClassLoader::loadClass (7 bytes)

Stack: [0x00000002bc800000,0x00000002bc900000],  sp=0x00000002bc8fb8d0,  free space=1006k
Native frames: (J=compiled Java code, j=interpreted, Vv=VM code, C=native code)
V  [jvm.dll+0x355290]
V  [jvm.dll+0x34e730]
V  [jvm.dll+0x193ef9]
V  [jvm.dll+0x1f780e]
V  [jvm.dll+0x1f68d4]
V  [jvm.dll+0x17f32c]
V  [jvm.dll+0x205047]
V  [jvm.dll+0x203891]
V  [jvm.dll+0x6dad3f]
V  [jvm.dll+0x6d3895]
V  [jvm.dll+0x5dd4a6]
C  [ucrtbase.dll+0x21bb2]
C  [KERNEL32.DLL+0x17034]
C  [ntdll.dll+0x52651]


siginfo: EXCEPTION_ACCESS_VIOLATION (0xc0000005), reading address 0x00006ff9f0275998


Register to memory mapping:

RIP=0x00007ff9efbe5290 jvm.dll
RAX=0x00006ff9f0275998 is an unknown value
RBX=0x00000000000001b0 is an unknown value
RCX=0x0000000000000002 is an unknown value
RDX=0x0 is NULL
RSP=0x00000002bc8fb8d0 is pointing into the stack for thread: 0x000001534f2b1000
RBP=0x0000000000000008 is an unknown value
RSI=0x00007ff9f0275998 jvm.dll
RDI=0x000001534cfbf460 points into unknown readable memory: 90 c4 f0 4c 53 01 00 00
R8 =0x000001534fd9bf80 points into unknown readable memory: 00 fe 0f 00 00 00 00 00
R9 =0x00000002bc8fb920 is pointing into the stack for thread: 0x000001534f2b1000
R10=0x0000000000000036 is an unknown value
R11=0x00000002bc8fb830 is pointing into the stack for thread: 0x000001534f2b1000
R12=0x00007ff9ef890000 jvm.dll
R13=0x0000000000000008 is an unknown value
R14=0x0000000000000014 is an unknown value
R15=0x00007ff9f0275998 jvm.dll


Registers:
RAX=0x00006ff9f0275998, RBX=0x00000000000001b0, RCX=0x0000000000000002, RDX=0x0000000000000000
RSP=0x00000002bc8fb8d0, RBP=0x0000000000000008, RSI=0x00007ff9f0275998, RDI=0x000001534cfbf460
R8 =0x000001534fd9bf80, R9 =0x00000002bc8fb920, R10=0x0000000000000036, R11=0x00000002bc8fb830
R12=0x00007ff9ef890000, R13=0x0000000000000008, R14=0x0000000000000014, R15=0x00007ff9f0275998
RIP=0x00007ff9efbe5290, EFLAGS=0x0000000000010246

Top of Stack: (sp=0x00000002bc8fb8d0)
0x00000002bc8fb8d0:   0000000000000000 0000000000000000
0x00000002bc8fb8e0:   000001534cf0c498 000001534d339200
0x00000002bc8fb8f0:   0000000000002a14 00007ff9efbde730
0x00000002bc8fb900:   00000153554c8c30 00000002bc8fba40
0x00000002bc8fb910:   0000000000002a14 00007ff9f00abd80
0x00000002bc8fb920:   00002a1800000000 0000015300000001
0x00000002bc8fb930:   00006ff9f0275998 000000000000002b
0x00000002bc8fb940:   000001534f593780 000001530000003f
0x00000002bc8fb950:   00000153554c8cd0 00000002bc8fbec8
0x00000002bc8fb960:   000001534c169d30 0000000000000000
0x00000002bc8fb970:   00000002bc8fba80 00007ff9efa23ef9
0x00000002bc8fb980:   00000002bc8fbde0 00000002bc8fbec8
0x00000002bc8fb990:   00000000000003d8 000001534c169d40
0x00000002bc8fb9a0:   000000000000e900 0000000000000000
0x00000002bc8fb9b0:   0000000200000006 000001534c169d30
0x00000002bc8fb9c0:   0000015350159690 000001535015fca0 

Instructions: (pc=0x00007ff9efbe5290)
0x00007ff9efbe5190:   58 4c 8b 64 24 50 48 8b c3 48 83 c4 20 41 5f 5f
0x00007ff9efbe51a0:   5e 5d 5b c3 cc cc cc cc cc cc cc cc cc cc cc cc
0x00007ff9efbe51b0:   83 3a 00 4c 8b c2 c7 41 08 08 00 00 00 75 16 33
0x00007ff9efbe51c0:   d2 c7 41 18 01 00 00 00 89 11 48 8b c1 c7 41 28
0x00007ff9efbe51d0:   01 00 00 00 c3 33 d2 48 89 11 89 51 18 41 8b 80
0x00007ff9efbe51e0:   90 00 00 00 89 41 28 48 89 51 10 49 8b 40 08 48
0x00007ff9efbe51f0:   89 41 20 48 8b c1 4c 89 41 30 c3 cc cc cc cc cc
0x00007ff9efbe5200:   48 83 ec 28 8b 51 08 4c 8b c9 83 fa 08 73 18 4c
0x00007ff9efbe5210:   8b 41 10 8b c2 41 83 3c 80 00 0f 85 0d 01 00 00
0x00007ff9efbe5220:   ff c2 83 fa 08 72 ec 44 8b 51 18 48 89 5c 24 30
0x00007ff9efbe5230:   48 89 6c 24 38 48 89 74 24 40 48 89 7c 24 20 44
0x00007ff9efbe5240:   3b 51 28 0f 83 b9 00 00 00 8b 0d bd c1 6c 00 48
0x00007ff9efbe5250:   8d 35 42 07 69 00 65 48 8b 04 25 58 00 00 00 bd
0x00007ff9efbe5260:   08 00 00 00 48 8d 3c c8 0f 1f 84 00 00 00 00 00
0x00007ff9efbe5270:   41 8b c2 48 8d 1c c5 00 00 00 00 49 8b 41 20 48
0x00007ff9efbe5280:   8b 04 03 48 3b c6 74 6d 49 89 41 10 33 d2 66 90
0x00007ff9efbe5290:   83 38 00 0f 85 c3 00 00 00 ff c2 48 83 c0 04 83
0x00007ff9efbe52a0:   fa 08 72 ec 4d 8b 59 30 4d 85 db 74 48 49 8b 43
0x00007ff9efbe52b0:   08 8b d5 48 03 17 4c 8b 04 03 48 8b 02 48 8b 88
0x00007ff9efbe52c0:   c8 04 00 00 48 8b 81 88 00 00 00 48 8b 88 88 08
0x00007ff9efbe52d0:   00 00 49 89 08 48 8b 02 48 8b 88 c8 04 00 00 48
0x00007ff9efbe52e0:   8b 81 88 00 00 00 4c 89 80 88 08 00 00 49 8b 43
0x00007ff9efbe52f0:   08 48 89 34 03 41 ff c2 45 3b 51 28 0f 82 6e ff
0x00007ff9efbe5300:   ff ff 41 8b 41 28 41 89 41 18 33 c0 41 c7 41 08
0x00007ff9efbe5310:   08 00 00 00 48 8b 74 24 40 48 8b 6c 24 38 48 8b
0x00007ff9efbe5320:   5c 24 30 48 8b 7c 24 20 48 83 c4 28 c3 8b 41 18
0x00007ff9efbe5330:   8d 0c c2 8b c2 c1 e1 05 81 e9 00 01 00 00 41 89
0x00007ff9efbe5340:   49 04 41 8b 0c 80 8d 42 01 41 89 09 49 8b c9 41
0x00007ff9efbe5350:   89 41 08 48 83 c4 28 e9 e4 1c e4 ff 42 8d 04 d2
0x00007ff9efbe5360:   c1 e0 05 41 89 41 04 49 8b 41 10 8b 0c 90 41 8d
0x00007ff9efbe5370:   42 01 41 89 41 18 8d 42 01 41 89 09 49 8b c9 41
0x00007ff9efbe5380:   89 41 08 e8 b8 1c e4 ff eb 8a cc cc cc cc cc cc 


Stack slot to memory mapping:
stack at sp + 0 slots: 0x0 is NULL
stack at sp + 1 slots: 0x0 is NULL
stack at sp + 2 slots: 0x000001534cf0c498 points into unknown readable memory: 00 10 2b 4f 53 01 00 00
stack at sp + 3 slots: 0x000001534d339200 points into unknown readable memory: 03 00 00 00 30 00 00 00
stack at sp + 4 slots: 0x0000000000002a14 is an unknown value
stack at sp + 5 slots: 0x00007ff9efbde730 jvm.dll
stack at sp + 6 slots: 0x00000153554c8c30 points into unknown readable memory: 14 00 00 00 00 00 00 00
stack at sp + 7 slots: 0x00000002bc8fba40 is pointing into the stack for thread: 0x000001534f2b1000


---------------  P R O C E S S  ---------------

Threads class SMR info:
_java_thread_list=0x000001534d46a270, length=12, elements={
0x000001532b8ab000, 0x000001534ae94000, 0x000001534ae97000, 0x000001534b73a800,
0x000001534b73c000, 0x000001534b73e000, 0x000001534b78e800, 0x000001534b798800,
0x000001534b8ee800, 0x000001534b8fa000, 0x000001534f2b1000, 0x000001534d570000
}

Java Threads: ( => current thread )
  0x000001532b8ab000 JavaThread "main" [_thread_in_Java, id=2940, stack(0x00000002bb100000,0x00000002bb200000)]
  0x000001534ae94000 JavaThread "Reference Handler" daemon [_thread_blocked, id=20516, stack(0x00000002bb800000,0x00000002bb900000)]
  0x000001534ae97000 JavaThread "Finalizer" daemon [_thread_blocked, id=10560, stack(0x00000002bb900000,0x00000002bba00000)]
  0x000001534b73a800 JavaThread "Signal Dispatcher" daemon [_thread_blocked, id=13672, stack(0x00000002bba00000,0x00000002bbb00000)]
  0x000001534b73c000 JavaThread "Attach Listener" daemon [_thread_blocked, id=21008, stack(0x00000002bbb00000,0x00000002bbc00000)]
  0x000001534b73e000 JavaThread "C2 CompilerThread0" daemon [_thread_in_native, id=3004, stack(0x00000002bbc00000,0x00000002bbd00000)]
  0x000001534b78e800 JavaThread "C1 CompilerThread0" daemon [_thread_blocked, id=8096, stack(0x00000002bbd00000,0x00000002bbe00000)]
  0x000001534b798800 JavaThread "Sweeper thread" daemon [_thread_blocked, id=12868, stack(0x00000002bbe00000,0x00000002bbf00000)]
  0x000001534b8ee800 JavaThread "Service Thread" daemon [_thread_blocked, id=21968, stack(0x00000002bbf00000,0x00000002bc000000)]
  0x000001534b8fa000 JavaThread "Common-Cleaner" daemon [_thread_blocked, id=21744, stack(0x00000002bc100000,0x00000002bc200000)]
=>0x000001534f2b1000 JavaThread "C2 CompilerThread1" daemon [_thread_in_native, id=7360, stack(0x00000002bc800000,0x00000002bc900000)]
  0x000001534d570000 JavaThread "C2 CompilerThread2" daemon [_thread_in_native, id=21960, stack(0x00000002bc900000,0x00000002bca00000)]

Other Threads:
  0x000001534ae71000 VMThread "VM Thread" [stack: 0x00000002bb700000,0x00000002bb800000] [id=21808]
  0x000001534b8f0800 WatcherThread [stack: 0x00000002bc000000,0x00000002bc100000] [id=18984]
  0x000001532b8c2800 GCTaskThread "GC Thread#0" [stack: 0x00000002bb200000,0x00000002bb300000] [id=19292]
  0x000001534c05c000 GCTaskThread "GC Thread#1" [stack: 0x00000002bc200000,0x00000002bc300000] [id=8988]
  0x000001534c05d000 GCTaskThread "GC Thread#2" [stack: 0x00000002bc300000,0x00000002bc400000] [id=22452]
  0x000001534c05d800 GCTaskThread "GC Thread#3" [stack: 0x00000002bc400000,0x00000002bc500000] [id=20244]
  0x000001534c057800 GCTaskThread "GC Thread#4" [stack: 0x00000002bc500000,0x00000002bc600000] [id=18360]
  0x000001534c059000 GCTaskThread "GC Thread#5" [stack: 0x00000002bc600000,0x00000002bc700000] [id=8576]
  0x000001532b91d800 ConcurrentGCThread "G1 Main Marker" [stack: 0x00000002bb300000,0x00000002bb400000] [id=14576]
  0x000001532b91f800 ConcurrentGCThread "G1 Conc#0" [stack: 0x00000002bb400000,0x00000002bb500000] [id=20164]
  0x000001534cc6c000 ConcurrentGCThread "G1 Conc#1" [stack: 0x00000002bc700000,0x00000002bc800000] [id=3124]
  0x000001534ad51800 ConcurrentGCThread "G1 Refine#0" [stack: 0x00000002bb500000,0x00000002bb600000] [id=7556]
  0x000001534ad52000 ConcurrentGCThread "G1 Young RemSet Sampling" [stack: 0x00000002bb600000,0x00000002bb700000] [id=4880]

Threads with active compile tasks:
C2 CompilerThread0  12570 5188       4       org.jetbrains.org.objectweb.asm.ClassReader::readMethod (1061 bytes)
C1 CompilerThread0  12570 5506       3       org.jetbrains.kotlin.resolve.calls.components.ClassicTypeSystemContextForCS::typeConstructor (9 bytes)
C2 CompilerThread1  12570 5186       4       java.lang.ClassLoader::loadClass (7 bytes)
C2 CompilerThread2  12570 5081       4       org.jetbrains.kotlin.load.java.structure.impl.classFiles.BinaryJavaMethodBase$Companion::create (613 bytes)

VM state:not at safepoint (normal execution)

VM Mutex/Monitor currently owned by a thread: None

Heap address: 0x0000000702e00000, size: 4050 MB, Compressed Oops mode: Zero based, Oop shift amount: 3
Narrow klass base: 0x0000000800000000, Narrow klass shift: 0
Compressed class space size: 1073741824 Address: 0x0000000800000000

Heap:
 garbage-first heap   total 260096K, used 100244K [0x0000000702e00000, 0x0000000800000000)
  region size 1024K, 77 young (78848K), 11 survivors (11264K)
 Metaspace       used 54386K, capacity 54927K, committed 55168K, reserved 1097728K
  class space    used 6211K, capacity 6422K, committed 6528K, reserved 1048576K
Heap Regions: E=young(eden), S=young(survivor), O=old, HS=humongous(starts), HC=humongous(continues), CS=collection set, F=free, A=archive, TAMS=top-at-mark-start (previous, next)
|   0|0x0000000702e00000, 0x0000000702f00000, 0x0000000702f00000|100%|HS|  |TAMS 0x0000000702f00000, 0x0000000702e00000| Complete 
|   1|0x0000000702f00000, 0x0000000703000000, 0x0000000703000000|100%|HC|  |TAMS 0x0000000703000000, 0x0000000702f00000| Complete 
|   2|0x0000000703000000, 0x0000000703100000, 0x0000000703100000|100%|HC|  |TAMS 0x0000000703100000, 0x0000000703000000| Complete 
|   3|0x0000000703100000, 0x0000000703200000, 0x0000000703200000|100%|HS|  |TAMS 0x0000000703200000, 0x0000000703100000| Complete 
|   4|0x0000000703200000, 0x0000000703300000, 0x0000000703300000|100%|HC|  |TAMS 0x0000000703300000, 0x0000000703200000| Complete 
|   5|0x0000000703300000, 0x0000000703400000, 0x0000000703400000|100%|HC|  |TAMS 0x0000000703400000, 0x0000000703300000| Complete 
|   6|0x0000000703400000, 0x0000000703500000, 0x0000000703500000|100%|HS|  |TAMS 0x0000000703500000, 0x0000000703400000| Complete 
|   7|0x0000000703500000, 0x0000000703600000, 0x0000000703600000|100%|HC|  |TAMS 0x0000000703600000, 0x0000000703500000| Complete 
|   8|0x0000000703600000, 0x0000000703700000, 0x0000000703700000|100%|HC|  |TAMS 0x0000000703700000, 0x0000000703600000| Complete 
|   9|0x0000000703700000, 0x0000000703700000, 0x0000000703800000|  0%| F|  |TAMS 0x0000000703700000, 0x0000000703700000| Untracked 
|  10|0x0000000703800000, 0x0000000703900000, 0x0000000703900000|100%| O|  |TAMS 0x0000000703800000, 0x0000000703800000| Untracked 
|  11|0x0000000703900000, 0x0000000703a00000, 0x0000000703a00000|100%| O|  |TAMS 0x0000000703900000, 0x0000000703900000| Untracked 
|  12|0x0000000703a00000, 0x0000000703b00000, 0x0000000703b00000|100%| O|  |TAMS 0x0000000703a00000, 0x0000000703a00000| Untracked 
|  13|0x0000000703b00000, 0x0000000703c00000, 0x0000000703c00000|100%|HS|  |TAMS 0x0000000703c00000, 0x0000000703b00000| Complete 
|  14|0x0000000703c00000, 0x0000000703d00000, 0x0000000703d00000|100%|HC|  |TAMS 0x0000000703d00000, 0x0000000703c00000| Complete 
|  15|0x0000000703d00000, 0x0000000703e00000, 0x0000000703e00000|100%| O|  |TAMS 0x0000000703e00000, 0x0000000703d00000| Untracked 
|  16|0x0000000703e00000, 0x0000000703f00000, 0x0000000703f00000|100%| O|  |TAMS 0x0000000703f00000, 0x0000000703e00000| Untracked 
|  17|0x0000000703f00000, 0x0000000704000000, 0x0000000704000000|100%| O|  |TAMS 0x0000000704000000, 0x0000000703f00000| Untracked 
|  18|0x0000000704000000, 0x0000000704100000, 0x0000000704100000|100%| O|  |TAMS 0x0000000704100000, 0x0000000704000000| Untracked 
|  19|0x0000000704100000, 0x0000000704200000, 0x0000000704200000|100%| O|  |TAMS 0x0000000704200000, 0x0000000704100000| Untracked 
|  20|0x0000000704200000, 0x0000000704300000, 0x0000000704300000|100%| O|  |TAMS 0x00000007042fe800, 0x0000000704200000| Untracked 
|  21|0x0000000704300000, 0x0000000704400000, 0x0000000704400000|100%| O|  |TAMS 0x0000000704300000, 0x0000000704300000| Untracked 
|  22|0x0000000704400000, 0x0000000704500000, 0x0000000704500000|100%| O|  |TAMS 0x0000000704400000, 0x0000000704400000| Untracked 
|  23|0x0000000704500000, 0x0000000704577a00, 0x0000000704600000| 46%| O|  |TAMS 0x0000000704500000, 0x0000000704500000| Untracked 
|  24|0x0000000704600000, 0x0000000704600000, 0x0000000704700000|  0%| F|  |TAMS 0x0000000704600000, 0x0000000704600000| Untracked 
|  25|0x0000000704700000, 0x0000000704700000, 0x0000000704800000|  0%| F|  |TAMS 0x0000000704700000, 0x0000000704700000| Untracked 
|  26|0x0000000704800000, 0x0000000704800000, 0x0000000704900000|  0%| F|  |TAMS 0x0000000704800000, 0x0000000704800000| Untracked 
|  27|0x0000000704900000, 0x0000000704900000, 0x0000000704a00000|  0%| F|  |TAMS 0x0000000704900000, 0x0000000704900000| Untracked 
|  28|0x0000000704a00000, 0x0000000704a00000, 0x0000000704b00000|  0%| F|  |TAMS 0x0000000704a00000, 0x0000000704a00000| Untracked 
|  29|0x0000000704b00000, 0x0000000704b00000, 0x0000000704c00000|  0%| F|  |TAMS 0x0000000704b00000, 0x0000000704b00000| Untracked 
|  30|0x0000000704c00000, 0x0000000704c00000, 0x0000000704d00000|  0%| F|  |TAMS 0x0000000704c00000, 0x0000000704c00000| Untracked 
|  31|0x0000000704d00000, 0x0000000704d00000, 0x0000000704e00000|  0%| F|  |TAMS 0x0000000704d00000, 0x0000000704d00000| Untracked 
|  32|0x0000000704e00000, 0x0000000704e00000, 0x0000000704f00000|  0%| F|  |TAMS 0x0000000704e00000, 0x0000000704e00000| Untracked 
|  33|0x0000000704f00000, 0x0000000704f00000, 0x0000000705000000|  0%| F|  |TAMS 0x0000000704f00000, 0x0000000704f00000| Untracked 
|  34|0x0000000705000000, 0x0000000705000000, 0x0000000705100000|  0%| F|  |TAMS 0x0000000705000000, 0x0000000705000000| Untracked 
|  35|0x0000000705100000, 0x0000000705100000, 0x0000000705200000|  0%| F|  |TAMS 0x0000000705100000, 0x0000000705100000| Untracked 
|  36|0x0000000705200000, 0x0000000705200000, 0x0000000705300000|  0%| F|  |TAMS 0x0000000705200000, 0x0000000705200000| Untracked 
|  37|0x0000000705300000, 0x0000000705300000, 0x0000000705400000|  0%| F|  |TAMS 0x0000000705300000, 0x0000000705300000| Untracked 
|  38|0x0000000705400000, 0x0000000705400000, 0x0000000705500000|  0%| F|  |TAMS 0x0000000705400000, 0x0000000705400000| Untracked 
|  39|0x0000000705500000, 0x0000000705500000, 0x0000000705600000|  0%| F|  |TAMS 0x0000000705500000, 0x0000000705500000| Untracked 
|  40|0x0000000705600000, 0x0000000705600000, 0x0000000705700000|  0%| F|  |TAMS 0x0000000705600000, 0x0000000705600000| Untracked 
|  41|0x0000000705700000, 0x0000000705700000, 0x0000000705800000|  0%| F|  |TAMS 0x0000000705700000, 0x0000000705700000| Untracked 
|  42|0x0000000705800000, 0x0000000705800000, 0x0000000705900000|  0%| F|  |TAMS 0x0000000705800000, 0x0000000705800000| Untracked 
|  43|0x0000000705900000, 0x0000000705900000, 0x0000000705a00000|  0%| F|  |TAMS 0x0000000705900000, 0x0000000705900000| Untracked 
|  44|0x0000000705a00000, 0x0000000705a00000, 0x0000000705b00000|  0%| F|  |TAMS 0x0000000705a00000, 0x0000000705a00000| Untracked 
|  45|0x0000000705b00000, 0x0000000705b00000, 0x0000000705c00000|  0%| F|  |TAMS 0x0000000705b00000, 0x0000000705b00000| Untracked 
|  46|0x0000000705c00000, 0x0000000705c00000, 0x0000000705d00000|  0%| F|  |TAMS 0x0000000705c00000, 0x0000000705c00000| Untracked 
|  47|0x0000000705d00000, 0x0000000705d00000, 0x0000000705e00000|  0%| F|  |TAMS 0x0000000705d00000, 0x0000000705d00000| Untracked 
|  48|0x0000000705e00000, 0x0000000705e00000, 0x0000000705f00000|  0%| F|  |TAMS 0x0000000705e00000, 0x0000000705e00000| Untracked 
|  49|0x0000000705f00000, 0x0000000705f00000, 0x0000000706000000|  0%| F|  |TAMS 0x0000000705f00000, 0x0000000705f00000| Untracked 
|  50|0x0000000706000000, 0x0000000706000000, 0x0000000706100000|  0%| F|  |TAMS 0x0000000706000000, 0x0000000706000000| Untracked 
|  51|0x0000000706100000, 0x0000000706100000, 0x0000000706200000|  0%| F|  |TAMS 0x0000000706100000, 0x0000000706100000| Untracked 
|  52|0x0000000706200000, 0x0000000706200000, 0x0000000706300000|  0%| F|  |TAMS 0x0000000706200000, 0x0000000706200000| Untracked 
|  53|0x0000000706300000, 0x0000000706300000, 0x0000000706400000|  0%| F|  |TAMS 0x0000000706300000, 0x0000000706300000| Untracked 
|  54|0x0000000706400000, 0x0000000706400000, 0x0000000706500000|  0%| F|  |TAMS 0x0000000706400000, 0x0000000706400000| Untracked 
|  55|0x0000000706500000, 0x0000000706500000, 0x0000000706600000|  0%| F|  |TAMS 0x0000000706500000, 0x0000000706500000| Untracked 
|  56|0x0000000706600000, 0x0000000706600000, 0x0000000706700000|  0%| F|  |TAMS 0x0000000706600000, 0x0000000706600000| Untracked 
|  57|0x0000000706700000, 0x0000000706700000, 0x0000000706800000|  0%| F|  |TAMS 0x0000000706700000, 0x0000000706700000| Untracked 
|  58|0x0000000706800000, 0x0000000706800000, 0x0000000706900000|  0%| F|  |TAMS 0x0000000706800000, 0x0000000706800000| Untracked 
|  59|0x0000000706900000, 0x0000000706900000, 0x0000000706a00000|  0%| F|  |TAMS 0x0000000706900000, 0x0000000706900000| Untracked 
|  60|0x0000000706a00000, 0x0000000706a00000, 0x0000000706b00000|  0%| F|  |TAMS 0x0000000706a00000, 0x0000000706a00000| Untracked 
|  61|0x0000000706b00000, 0x0000000706b00000, 0x0000000706c00000|  0%| F|  |TAMS 0x0000000706b00000, 0x0000000706b00000| Untracked 
|  62|0x0000000706c00000, 0x0000000706c00000, 0x0000000706d00000|  0%| F|  |TAMS 0x0000000706c00000, 0x0000000706c00000| Untracked 
|  63|0x0000000706d00000, 0x0000000706d00000, 0x0000000706e00000|  0%| F|  |TAMS 0x0000000706d00000, 0x0000000706d00000| Untracked 
|  64|0x0000000706e00000, 0x0000000706e00000, 0x0000000706f00000|  0%| F|  |TAMS 0x0000000706e00000, 0x0000000706e00000| Untracked 
|  65|0x0000000706f00000, 0x0000000706f00000, 0x0000000707000000|  0%| F|  |TAMS 0x0000000706f00000, 0x0000000706f00000| Untracked 
|  66|0x0000000707000000, 0x0000000707000000, 0x0000000707100000|  0%| F|  |TAMS 0x0000000707000000, 0x0000000707000000| Untracked 
|  67|0x0000000707100000, 0x0000000707100000, 0x0000000707200000|  0%| F|  |TAMS 0x0000000707100000, 0x0000000707100000| Untracked 
|  68|0x0000000707200000, 0x0000000707200000, 0x0000000707300000|  0%| F|  |TAMS 0x0000000707200000, 0x0000000707200000| Untracked 
|  69|0x0000000707300000, 0x0000000707300000, 0x0000000707400000|  0%| F|  |TAMS 0x0000000707300000, 0x0000000707300000| Untracked 
|  70|0x0000000707400000, 0x0000000707400000, 0x0000000707500000|  0%| F|  |TAMS 0x0000000707400000, 0x0000000707400000| Untracked 
|  71|0x0000000707500000, 0x0000000707500000, 0x0000000707600000|  0%| F|  |TAMS 0x0000000707500000, 0x0000000707500000| Untracked 
|  72|0x0000000707600000, 0x0000000707600000, 0x0000000707700000|  0%| F|  |TAMS 0x0000000707600000, 0x0000000707600000| Untracked 
|  73|0x0000000707700000, 0x0000000707700000, 0x0000000707800000|  0%| F|  |TAMS 0x0000000707700000, 0x0000000707700000| Untracked 
|  74|0x0000000707800000, 0x0000000707800000, 0x0000000707900000|  0%| F|  |TAMS 0x0000000707800000, 0x0000000707800000| Untracked 
|  75|0x0000000707900000, 0x0000000707900000, 0x0000000707a00000|  0%| F|  |TAMS 0x0000000707900000, 0x0000000707900000| Untracked 
|  76|0x0000000707a00000, 0x0000000707a00000, 0x0000000707b00000|  0%| F|  |TAMS 0x0000000707a00000, 0x0000000707a00000| Untracked 
|  77|0x0000000707b00000, 0x0000000707b00000, 0x0000000707c00000|  0%| F|  |TAMS 0x0000000707b00000, 0x0000000707b00000| Untracked 
|  78|0x0000000707c00000, 0x0000000707c00000, 0x0000000707d00000|  0%| F|  |TAMS 0x0000000707c00000, 0x0000000707c00000| Untracked 
|  79|0x0000000707d00000, 0x0000000707d00000, 0x0000000707e00000|  0%| F|  |TAMS 0x0000000707d00000, 0x0000000707d00000| Untracked 
|  80|0x0000000707e00000, 0x0000000707e00000, 0x0000000707f00000|  0%| F|  |TAMS 0x0000000707e00000, 0x0000000707e00000| Untracked 
|  81|0x0000000707f00000, 0x0000000707f00000, 0x0000000708000000|  0%| F|  |TAMS 0x0000000707f00000, 0x0000000707f00000| Untracked 
|  82|0x0000000708000000, 0x0000000708000000, 0x0000000708100000|  0%| F|  |TAMS 0x0000000708000000, 0x0000000708000000| Untracked 
|  83|0x0000000708100000, 0x0000000708100000, 0x0000000708200000|  0%| F|  |TAMS 0x0000000708100000, 0x0000000708100000| Untracked 
|  84|0x0000000708200000, 0x0000000708200000, 0x0000000708300000|  0%| F|  |TAMS 0x0000000708200000, 0x0000000708200000| Untracked 
|  85|0x0000000708300000, 0x0000000708300000, 0x0000000708400000|  0%| F|  |TAMS 0x0000000708300000, 0x0000000708300000| Untracked 
|  86|0x0000000708400000, 0x0000000708400000, 0x0000000708500000|  0%| F|  |TAMS 0x0000000708400000, 0x0000000708400000| Untracked 
|  87|0x0000000708500000, 0x0000000708500000, 0x0000000708600000|  0%| F|  |TAMS 0x0000000708500000, 0x0000000708500000| Untracked 
|  88|0x0000000708600000, 0x0000000708600000, 0x0000000708700000|  0%| F|  |TAMS 0x0000000708600000, 0x0000000708600000| Untracked 
|  89|0x0000000708700000, 0x0000000708700000, 0x0000000708800000|  0%| F|  |TAMS 0x0000000708700000, 0x0000000708700000| Untracked 
|  90|0x0000000708800000, 0x0000000708800000, 0x0000000708900000|  0%| F|  |TAMS 0x0000000708800000, 0x0000000708800000| Untracked 
|  91|0x0000000708900000, 0x0000000708900000, 0x0000000708a00000|  0%| F|  |TAMS 0x0000000708900000, 0x0000000708900000| Untracked 
|  92|0x0000000708a00000, 0x0000000708a00000, 0x0000000708b00000|  0%| F|  |TAMS 0x0000000708a00000, 0x0000000708a00000| Untracked 
|  93|0x0000000708b00000, 0x0000000708b00000, 0x0000000708c00000|  0%| F|  |TAMS 0x0000000708b00000, 0x0000000708b00000| Untracked 
|  94|0x0000000708c00000, 0x0000000708c00000, 0x0000000708d00000|  0%| F|  |TAMS 0x0000000708c00000, 0x0000000708c00000| Untracked 
|  95|0x0000000708d00000, 0x0000000708d00000, 0x0000000708e00000|  0%| F|  |TAMS 0x0000000708d00000, 0x0000000708d00000| Untracked 
|  96|0x0000000708e00000, 0x0000000708e00000, 0x0000000708f00000|  0%| F|  |TAMS 0x0000000708e00000, 0x0000000708e00000| Untracked 
|  97|0x0000000708f00000, 0x0000000708f00000, 0x0000000709000000|  0%| F|  |TAMS 0x0000000708f00000, 0x0000000708f00000| Untracked 
|  98|0x0000000709000000, 0x0000000709000000, 0x0000000709100000|  0%| F|  |TAMS 0x0000000709000000, 0x0000000709000000| Untracked 
|  99|0x0000000709100000, 0x0000000709100000, 0x0000000709200000|  0%| F|  |TAMS 0x0000000709100000, 0x0000000709100000| Untracked 
| 100|0x0000000709200000, 0x0000000709200000, 0x0000000709300000|  0%| F|  |TAMS 0x0000000709200000, 0x0000000709200000| Untracked 
| 101|0x0000000709300000, 0x0000000709300000, 0x0000000709400000|  0%| F|  |TAMS 0x0000000709300000, 0x0000000709300000| Untracked 
| 102|0x0000000709400000, 0x0000000709400000, 0x0000000709500000|  0%| F|  |TAMS 0x0000000709400000, 0x0000000709400000| Untracked 
| 103|0x0000000709500000, 0x0000000709500000, 0x0000000709600000|  0%| F|  |TAMS 0x0000000709500000, 0x0000000709500000| Untracked 
| 104|0x0000000709600000, 0x0000000709600000, 0x0000000709700000|  0%| F|  |TAMS 0x0000000709600000, 0x0000000709600000| Untracked 
| 105|0x0000000709700000, 0x0000000709700000, 0x0000000709800000|  0%| F|  |TAMS 0x0000000709700000, 0x0000000709700000| Untracked 
| 106|0x0000000709800000, 0x0000000709800000, 0x0000000709900000|  0%| F|  |TAMS 0x0000000709800000, 0x0000000709800000| Untracked 
| 107|0x0000000709900000, 0x0000000709900000, 0x0000000709a00000|  0%| F|  |TAMS 0x0000000709900000, 0x0000000709900000| Untracked 
| 108|0x0000000709a00000, 0x0000000709a00000, 0x0000000709b00000|  0%| F|  |TAMS 0x0000000709a00000, 0x0000000709a00000| Untracked 
| 109|0x0000000709b00000, 0x0000000709b00000, 0x0000000709c00000|  0%| F|  |TAMS 0x0000000709b00000, 0x0000000709b00000| Untracked 
| 110|0x0000000709c00000, 0x0000000709c00000, 0x0000000709d00000|  0%| F|  |TAMS 0x0000000709c00000, 0x0000000709c00000| Untracked 
| 111|0x0000000709d00000, 0x0000000709d00000, 0x0000000709e00000|  0%| F|  |TAMS 0x0000000709d00000, 0x0000000709d00000| Untracked 
| 112|0x0000000709e00000, 0x0000000709e00000, 0x0000000709f00000|  0%| F|  |TAMS 0x0000000709e00000, 0x0000000709e00000| Untracked 
| 113|0x0000000709f00000, 0x0000000709f00000, 0x000000070a000000|  0%| F|  |TAMS 0x0000000709f00000, 0x0000000709f00000| Untracked 
| 114|0x000000070a000000, 0x000000070a000000, 0x000000070a100000|  0%| F|  |TAMS 0x000000070a000000, 0x000000070a000000| Untracked 
| 115|0x000000070a100000, 0x000000070a100000, 0x000000070a200000|  0%| F|  |TAMS 0x000000070a100000, 0x000000070a100000| Untracked 
| 116|0x000000070a200000, 0x000000070a200000, 0x000000070a300000|  0%| F|  |TAMS 0x000000070a200000, 0x000000070a200000| Untracked 
| 117|0x000000070a300000, 0x000000070a300000, 0x000000070a400000|  0%| F|  |TAMS 0x000000070a300000, 0x000000070a300000| Untracked 
| 118|0x000000070a400000, 0x000000070a400000, 0x000000070a500000|  0%| F|  |TAMS 0x000000070a400000, 0x000000070a400000| Untracked 
| 119|0x000000070a500000, 0x000000070a500000, 0x000000070a600000|  0%| F|  |TAMS 0x000000070a500000, 0x000000070a500000| Untracked 
| 120|0x000000070a600000, 0x000000070a600000, 0x000000070a700000|  0%| F|  |TAMS 0x000000070a600000, 0x000000070a600000| Untracked 
| 121|0x000000070a700000, 0x000000070a700000, 0x000000070a800000|  0%| F|  |TAMS 0x000000070a700000, 0x000000070a700000| Untracked 
| 122|0x000000070a800000, 0x000000070a800000, 0x000000070a900000|  0%| F|  |TAMS 0x000000070a800000, 0x000000070a800000| Untracked 
| 123|0x000000070a900000, 0x000000070a900000, 0x000000070aa00000|  0%| F|  |TAMS 0x000000070a900000, 0x000000070a900000| Untracked 
| 124|0x000000070aa00000, 0x000000070aa00000, 0x000000070ab00000|  0%| F|  |TAMS 0x000000070aa00000, 0x000000070aa00000| Untracked 
| 125|0x000000070ab00000, 0x000000070ab00000, 0x000000070ac00000|  0%| F|  |TAMS 0x000000070ab00000, 0x000000070ab00000| Untracked 
| 126|0x000000070ac00000, 0x000000070ac00000, 0x000000070ad00000|  0%| F|  |TAMS 0x000000070ac00000, 0x000000070ac00000| Untracked 
| 127|0x000000070ad00000, 0x000000070ad00000, 0x000000070ae00000|  0%| F|  |TAMS 0x000000070ad00000, 0x000000070ad00000| Untracked 
| 128|0x000000070ae00000, 0x000000070ae00000, 0x000000070af00000|  0%| F|  |TAMS 0x000000070ae00000, 0x000000070ae00000| Untracked 
| 129|0x000000070af00000, 0x000000070af00000, 0x000000070b000000|  0%| F|  |TAMS 0x000000070af00000, 0x000000070af00000| Untracked 
| 130|0x000000070b000000, 0x000000070b000000, 0x000000070b100000|  0%| F|  |TAMS 0x000000070b000000, 0x000000070b000000| Untracked 
| 131|0x000000070b100000, 0x000000070b100000, 0x000000070b200000|  0%| F|  |TAMS 0x000000070b100000, 0x000000070b100000| Untracked 
| 132|0x000000070b200000, 0x000000070b200000, 0x000000070b300000|  0%| F|  |TAMS 0x000000070b200000, 0x000000070b200000| Untracked 
| 133|0x000000070b300000, 0x000000070b300000, 0x000000070b400000|  0%| F|  |TAMS 0x000000070b300000, 0x000000070b300000| Untracked 
| 134|0x000000070b400000, 0x000000070b400000, 0x000000070b500000|  0%| F|  |TAMS 0x000000070b400000, 0x000000070b400000| Untracked 
| 135|0x000000070b500000, 0x000000070b500000, 0x000000070b600000|  0%| F|  |TAMS 0x000000070b500000, 0x000000070b500000| Untracked 
| 136|0x000000070b600000, 0x000000070b600000, 0x000000070b700000|  0%| F|  |TAMS 0x000000070b600000, 0x000000070b600000| Untracked 
| 137|0x000000070b700000, 0x000000070b700000, 0x000000070b800000|  0%| F|  |TAMS 0x000000070b700000, 0x000000070b700000| Untracked 
| 138|0x000000070b800000, 0x000000070b800000, 0x000000070b900000|  0%| F|  |TAMS 0x000000070b800000, 0x000000070b800000| Untracked 
| 139|0x000000070b900000, 0x000000070b900000, 0x000000070ba00000|  0%| F|  |TAMS 0x000000070b900000, 0x000000070b900000| Untracked 
| 140|0x000000070ba00000, 0x000000070ba00000, 0x000000070bb00000|  0%| F|  |TAMS 0x000000070ba00000, 0x000000070ba00000| Untracked 
| 141|0x000000070bb00000, 0x000000070bb00000, 0x000000070bc00000|  0%| F|  |TAMS 0x000000070bb00000, 0x000000070bb00000| Untracked 
| 142|0x000000070bc00000, 0x000000070bc00000, 0x000000070bd00000|  0%| F|  |TAMS 0x000000070bc00000, 0x000000070bc00000| Untracked 
| 143|0x000000070bd00000, 0x000000070bd00000, 0x000000070be00000|  0%| F|  |TAMS 0x000000070bd00000, 0x000000070bd00000| Untracked 
| 144|0x000000070be00000, 0x000000070be00000, 0x000000070bf00000|  0%| F|  |TAMS 0x000000070be00000, 0x000000070be00000| Untracked 
| 145|0x000000070bf00000, 0x000000070bf00000, 0x000000070c000000|  0%| F|  |TAMS 0x000000070bf00000, 0x000000070bf00000| Untracked 
| 146|0x000000070c000000, 0x000000070c06d760, 0x000000070c100000| 42%| S|CS|TAMS 0x000000070c000000, 0x000000070c000000| Complete 
| 147|0x000000070c100000, 0x000000070c200000, 0x000000070c200000|100%| S|CS|TAMS 0x000000070c100000, 0x000000070c100000| Complete 
| 148|0x000000070c200000, 0x000000070c300000, 0x000000070c300000|100%| S|CS|TAMS 0x000000070c200000, 0x000000070c200000| Complete 
| 149|0x000000070c300000, 0x000000070c400000, 0x000000070c400000|100%| S|CS|TAMS 0x000000070c300000, 0x000000070c300000| Complete 
| 150|0x000000070c400000, 0x000000070c500000, 0x000000070c500000|100%| S|CS|TAMS 0x000000070c400000, 0x000000070c400000| Complete 
| 151|0x000000070c500000, 0x000000070c600000, 0x000000070c600000|100%| S|CS|TAMS 0x000000070c500000, 0x000000070c500000| Complete 
| 152|0x000000070c600000, 0x000000070c700000, 0x000000070c700000|100%| S|CS|TAMS 0x000000070c600000, 0x000000070c600000| Complete 
| 153|0x000000070c700000, 0x000000070c800000, 0x000000070c800000|100%| S|CS|TAMS 0x000000070c700000, 0x000000070c700000| Complete 
| 154|0x000000070c800000, 0x000000070c900000, 0x000000070c900000|100%| S|CS|TAMS 0x000000070c800000, 0x000000070c800000| Complete 
| 155|0x000000070c900000, 0x000000070ca00000, 0x000000070ca00000|100%| S|CS|TAMS 0x000000070c900000, 0x000000070c900000| Complete 
| 156|0x000000070ca00000, 0x000000070cb00000, 0x000000070cb00000|100%| S|CS|TAMS 0x000000070ca00000, 0x000000070ca00000| Complete 
| 157|0x000000070cb00000, 0x000000070cb00000, 0x000000070cc00000|  0%| F|  |TAMS 0x000000070cb00000, 0x000000070cb00000| Untracked 
| 158|0x000000070cc00000, 0x000000070cc00000, 0x000000070cd00000|  0%| F|  |TAMS 0x000000070cc00000, 0x000000070cc00000| Untracked 
| 159|0x000000070cd00000, 0x000000070cd00000, 0x000000070ce00000|  0%| F|  |TAMS 0x000000070cd00000, 0x000000070cd00000| Untracked 
| 160|0x000000070ce00000, 0x000000070ce00000, 0x000000070cf00000|  0%| F|  |TAMS 0x000000070ce00000, 0x000000070ce00000| Untracked 
| 161|0x000000070cf00000, 0x000000070cf00000, 0x000000070d000000|  0%| F|  |TAMS 0x000000070cf00000, 0x000000070cf00000| Untracked 
| 162|0x000000070d000000, 0x000000070d000000, 0x000000070d100000|  0%| F|  |TAMS 0x000000070d000000, 0x000000070d000000| Untracked 
| 163|0x000000070d100000, 0x000000070d100000, 0x000000070d200000|  0%| F|  |TAMS 0x000000070d100000, 0x000000070d100000| Untracked 
| 164|0x000000070d200000, 0x000000070d200000, 0x000000070d300000|  0%| F|  |TAMS 0x000000070d200000, 0x000000070d200000| Untracked 
| 165|0x000000070d300000, 0x000000070d300000, 0x000000070d400000|  0%| F|  |TAMS 0x000000070d300000, 0x000000070d300000| Untracked 
| 166|0x000000070d400000, 0x000000070d400000, 0x000000070d500000|  0%| F|  |TAMS 0x000000070d400000, 0x000000070d400000| Untracked 
| 167|0x000000070d500000, 0x000000070d500000, 0x000000070d600000|  0%| F|  |TAMS 0x000000070d500000, 0x000000070d500000| Untracked 
| 168|0x000000070d600000, 0x000000070d600000, 0x000000070d700000|  0%| F|  |TAMS 0x000000070d600000, 0x000000070d600000| Untracked 
| 169|0x000000070d700000, 0x000000070d700000, 0x000000070d800000|  0%| F|  |TAMS 0x000000070d700000, 0x000000070d700000| Untracked 
| 170|0x000000070d800000, 0x000000070d800000, 0x000000070d900000|  0%| F|  |TAMS 0x000000070d800000, 0x000000070d800000| Untracked 
| 171|0x000000070d900000, 0x000000070d900000, 0x000000070da00000|  0%| F|  |TAMS 0x000000070d900000, 0x000000070d900000| Untracked 
| 172|0x000000070da00000, 0x000000070da00000, 0x000000070db00000|  0%| F|  |TAMS 0x000000070da00000, 0x000000070da00000| Untracked 
| 173|0x000000070db00000, 0x000000070db00000, 0x000000070dc00000|  0%| F|  |TAMS 0x000000070db00000, 0x000000070db00000| Untracked 
| 174|0x000000070dc00000, 0x000000070dc00000, 0x000000070dd00000|  0%| F|  |TAMS 0x000000070dc00000, 0x000000070dc00000| Untracked 
| 175|0x000000070dd00000, 0x000000070dd00000, 0x000000070de00000|  0%| F|  |TAMS 0x000000070dd00000, 0x000000070dd00000| Untracked 
| 176|0x000000070de00000, 0x000000070de00000, 0x000000070df00000|  0%| F|  |TAMS 0x000000070de00000, 0x000000070de00000| Untracked 
| 177|0x000000070df00000, 0x000000070df00000, 0x000000070e000000|  0%| F|  |TAMS 0x000000070df00000, 0x000000070df00000| Untracked 
| 178|0x000000070e000000, 0x000000070e000000, 0x000000070e100000|  0%| F|  |TAMS 0x000000070e000000, 0x000000070e000000| Untracked 
| 179|0x000000070e100000, 0x000000070e100000, 0x000000070e200000|  0%| F|  |TAMS 0x000000070e100000, 0x000000070e100000| Untracked 
| 180|0x000000070e200000, 0x000000070e200000, 0x000000070e300000|  0%| F|  |TAMS 0x000000070e200000, 0x000000070e200000| Untracked 
| 181|0x000000070e300000, 0x000000070e300000, 0x000000070e400000|  0%| F|  |TAMS 0x000000070e300000, 0x000000070e300000| Untracked 
| 182|0x000000070e400000, 0x000000070e400000, 0x000000070e500000|  0%| F|  |TAMS 0x000000070e400000, 0x000000070e400000| Untracked 
| 183|0x000000070e500000, 0x000000070e500000, 0x000000070e600000|  0%| F|  |TAMS 0x000000070e500000, 0x000000070e500000| Untracked 
| 184|0x000000070e600000, 0x000000070e600000, 0x000000070e700000|  0%| F|  |TAMS 0x000000070e600000, 0x000000070e600000| Untracked 
| 185|0x000000070e700000, 0x000000070e700000, 0x000000070e800000|  0%| F|  |TAMS 0x000000070e700000, 0x000000070e700000| Untracked 
| 186|0x000000070e800000, 0x000000070e800000, 0x000000070e900000|  0%| F|  |TAMS 0x000000070e800000, 0x000000070e800000| Untracked 
| 187|0x000000070e900000, 0x000000070e900000, 0x000000070ea00000|  0%| F|  |TAMS 0x000000070e900000, 0x000000070e900000| Untracked 
| 188|0x000000070ea00000, 0x000000070eb00000, 0x000000070eb00000|100%| E|  |TAMS 0x000000070ea00000, 0x000000070ea00000| Complete 
| 189|0x000000070eb00000, 0x000000070ec00000, 0x000000070ec00000|100%| E|CS|TAMS 0x000000070eb00000, 0x000000070eb00000| Complete 
| 190|0x000000070ec00000, 0x000000070ed00000, 0x000000070ed00000|100%| E|CS|TAMS 0x000000070ec00000, 0x000000070ec00000| Complete 
| 191|0x000000070ed00000, 0x000000070ee00000, 0x000000070ee00000|100%| E|CS|TAMS 0x000000070ed00000, 0x000000070ed00000| Complete 
| 192|0x000000070ee00000, 0x000000070ef00000, 0x000000070ef00000|100%| E|CS|TAMS 0x000000070ee00000, 0x000000070ee00000| Complete 
| 193|0x000000070ef00000, 0x000000070f000000, 0x000000070f000000|100%| E|CS|TAMS 0x000000070ef00000, 0x000000070ef00000| Complete 
| 194|0x000000070f000000, 0x000000070f100000, 0x000000070f100000|100%| E|CS|TAMS 0x000000070f000000, 0x000000070f000000| Complete 
| 195|0x000000070f100000, 0x000000070f200000, 0x000000070f200000|100%| E|CS|TAMS 0x000000070f100000, 0x000000070f100000| Complete 
| 196|0x000000070f200000, 0x000000070f300000, 0x000000070f300000|100%| E|CS|TAMS 0x000000070f200000, 0x000000070f200000| Complete 
| 197|0x000000070f300000, 0x000000070f400000, 0x000000070f400000|100%| E|CS|TAMS 0x000000070f300000, 0x000000070f300000| Complete 
| 198|0x000000070f400000, 0x000000070f500000, 0x000000070f500000|100%| E|CS|TAMS 0x000000070f400000, 0x000000070f400000| Complete 
| 199|0x000000070f500000, 0x000000070f600000, 0x000000070f600000|100%| E|CS|TAMS 0x000000070f500000, 0x000000070f500000| Complete 
| 200|0x000000070f600000, 0x000000070f700000, 0x000000070f700000|100%| E|CS|TAMS 0x000000070f600000, 0x000000070f600000| Complete 
| 201|0x000000070f700000, 0x000000070f800000, 0x000000070f800000|100%| E|CS|TAMS 0x000000070f700000, 0x000000070f700000| Complete 
| 202|0x000000070f800000, 0x000000070f900000, 0x000000070f900000|100%| E|CS|TAMS 0x000000070f800000, 0x000000070f800000| Complete 
| 203|0x000000070f900000, 0x000000070fa00000, 0x000000070fa00000|100%| E|CS|TAMS 0x000000070f900000, 0x000000070f900000| Complete 
| 204|0x000000070fa00000, 0x000000070fb00000, 0x000000070fb00000|100%| E|CS|TAMS 0x000000070fa00000, 0x000000070fa00000| Complete 
| 205|0x000000070fb00000, 0x000000070fc00000, 0x000000070fc00000|100%| E|CS|TAMS 0x000000070fb00000, 0x000000070fb00000| Complete 
| 206|0x000000070fc00000, 0x000000070fd00000, 0x000000070fd00000|100%| E|CS|TAMS 0x000000070fc00000, 0x000000070fc00000| Complete 
| 207|0x000000070fd00000, 0x000000070fe00000, 0x000000070fe00000|100%| E|CS|TAMS 0x000000070fd00000, 0x000000070fd00000| Complete 
| 208|0x000000070fe00000, 0x000000070ff00000, 0x000000070ff00000|100%| E|CS|TAMS 0x000000070fe00000, 0x000000070fe00000| Complete 
| 209|0x000000070ff00000, 0x0000000710000000, 0x0000000710000000|100%| E|CS|TAMS 0x000000070ff00000, 0x000000070ff00000| Complete 
| 210|0x0000000710000000, 0x0000000710100000, 0x0000000710100000|100%| E|CS|TAMS 0x0000000710000000, 0x0000000710000000| Complete 
| 211|0x0000000710100000, 0x0000000710200000, 0x0000000710200000|100%| E|CS|TAMS 0x0000000710100000, 0x0000000710100000| Complete 
| 212|0x0000000710200000, 0x0000000710300000, 0x0000000710300000|100%| E|CS|TAMS 0x0000000710200000, 0x0000000710200000| Complete 
| 213|0x0000000710300000, 0x0000000710400000, 0x0000000710400000|100%| E|CS|TAMS 0x0000000710300000, 0x0000000710300000| Complete 
| 214|0x0000000710400000, 0x0000000710500000, 0x0000000710500000|100%| E|CS|TAMS 0x0000000710400000, 0x0000000710400000| Complete 
| 215|0x0000000710500000, 0x0000000710600000, 0x0000000710600000|100%| E|CS|TAMS 0x0000000710500000, 0x0000000710500000| Complete 
| 216|0x0000000710600000, 0x0000000710700000, 0x0000000710700000|100%| E|CS|TAMS 0x0000000710600000, 0x0000000710600000| Complete 
| 217|0x0000000710700000, 0x0000000710800000, 0x0000000710800000|100%| E|CS|TAMS 0x0000000710700000, 0x0000000710700000| Complete 
| 218|0x0000000710800000, 0x0000000710900000, 0x0000000710900000|100%| E|CS|TAMS 0x0000000710800000, 0x0000000710800000| Complete 
| 219|0x0000000710900000, 0x0000000710a00000, 0x0000000710a00000|100%| E|CS|TAMS 0x0000000710900000, 0x0000000710900000| Complete 
| 220|0x0000000710a00000, 0x0000000710b00000, 0x0000000710b00000|100%| E|CS|TAMS 0x0000000710a00000, 0x0000000710a00000| Complete 
| 221|0x0000000710b00000, 0x0000000710c00000, 0x0000000710c00000|100%| E|CS|TAMS 0x0000000710b00000, 0x0000000710b00000| Complete 
| 222|0x0000000710c00000, 0x0000000710d00000, 0x0000000710d00000|100%| E|CS|TAMS 0x0000000710c00000, 0x0000000710c00000| Complete 
| 223|0x0000000710d00000, 0x0000000710e00000, 0x0000000710e00000|100%| E|CS|TAMS 0x0000000710d00000, 0x0000000710d00000| Complete 
| 224|0x0000000710e00000, 0x0000000710f00000, 0x0000000710f00000|100%| E|CS|TAMS 0x0000000710e00000, 0x0000000710e00000| Complete 
| 225|0x0000000710f00000, 0x0000000711000000, 0x0000000711000000|100%| E|CS|TAMS 0x0000000710f00000, 0x0000000710f00000| Complete 
| 226|0x0000000711000000, 0x0000000711100000, 0x0000000711100000|100%| E|CS|TAMS 0x0000000711000000, 0x0000000711000000| Complete 
| 227|0x0000000711100000, 0x0000000711200000, 0x0000000711200000|100%| E|CS|TAMS 0x0000000711100000, 0x0000000711100000| Complete 
| 228|0x0000000711200000, 0x0000000711300000, 0x0000000711300000|100%| E|CS|TAMS 0x0000000711200000, 0x0000000711200000| Complete 
| 229|0x0000000711300000, 0x0000000711400000, 0x0000000711400000|100%| E|CS|TAMS 0x0000000711300000, 0x0000000711300000| Complete 
| 230|0x0000000711400000, 0x0000000711500000, 0x0000000711500000|100%| E|CS|TAMS 0x0000000711400000, 0x0000000711400000| Complete 
| 231|0x0000000711500000, 0x0000000711600000, 0x0000000711600000|100%| E|CS|TAMS 0x0000000711500000, 0x0000000711500000| Complete 
| 232|0x0000000711600000, 0x0000000711700000, 0x0000000711700000|100%| E|CS|TAMS 0x0000000711600000, 0x0000000711600000| Complete 
| 233|0x0000000711700000, 0x0000000711800000, 0x0000000711800000|100%| E|CS|TAMS 0x0000000711700000, 0x0000000711700000| Complete 
| 234|0x0000000711800000, 0x0000000711900000, 0x0000000711900000|100%| E|CS|TAMS 0x0000000711800000, 0x0000000711800000| Complete 
| 235|0x0000000711900000, 0x0000000711a00000, 0x0000000711a00000|100%| E|CS|TAMS 0x0000000711900000, 0x0000000711900000| Complete 
| 236|0x0000000711a00000, 0x0000000711b00000, 0x0000000711b00000|100%| E|CS|TAMS 0x0000000711a00000, 0x0000000711a00000| Complete 
| 237|0x0000000711b00000, 0x0000000711c00000, 0x0000000711c00000|100%| E|CS|TAMS 0x0000000711b00000, 0x0000000711b00000| Complete 
| 238|0x0000000711c00000, 0x0000000711d00000, 0x0000000711d00000|100%| E|CS|TAMS 0x0000000711c00000, 0x0000000711c00000| Complete 
| 239|0x0000000711d00000, 0x0000000711e00000, 0x0000000711e00000|100%| E|CS|TAMS 0x0000000711d00000, 0x0000000711d00000| Complete 
| 240|0x0000000711e00000, 0x0000000711f00000, 0x0000000711f00000|100%| E|CS|TAMS 0x0000000711e00000, 0x0000000711e00000| Complete 
| 241|0x0000000711f00000, 0x0000000712000000, 0x0000000712000000|100%| E|CS|TAMS 0x0000000711f00000, 0x0000000711f00000| Complete 
| 242|0x0000000712000000, 0x0000000712100000, 0x0000000712100000|100%| E|CS|TAMS 0x0000000712000000, 0x0000000712000000| Complete 
| 243|0x0000000712100000, 0x0000000712200000, 0x0000000712200000|100%| E|CS|TAMS 0x0000000712100000, 0x0000000712100000| Complete 
| 244|0x0000000712200000, 0x0000000712300000, 0x0000000712300000|100%| E|CS|TAMS 0x0000000712200000, 0x0000000712200000| Complete 
| 245|0x0000000712300000, 0x0000000712400000, 0x0000000712400000|100%| E|CS|TAMS 0x0000000712300000, 0x0000000712300000| Complete 
| 246|0x0000000712400000, 0x0000000712500000, 0x0000000712500000|100%| E|CS|TAMS 0x0000000712400000, 0x0000000712400000| Complete 
| 247|0x0000000712500000, 0x0000000712600000, 0x0000000712600000|100%| E|CS|TAMS 0x0000000712500000, 0x0000000712500000| Complete 
| 248|0x0000000712600000, 0x0000000712700000, 0x0000000712700000|100%| E|CS|TAMS 0x0000000712600000, 0x0000000712600000| Complete 
| 249|0x0000000712700000, 0x0000000712800000, 0x0000000712800000|100%| E|CS|TAMS 0x0000000712700000, 0x0000000712700000| Complete 
| 250|0x0000000712800000, 0x0000000712900000, 0x0000000712900000|100%| E|CS|TAMS 0x0000000712800000, 0x0000000712800000| Complete 
| 251|0x0000000712900000, 0x0000000712a00000, 0x0000000712a00000|100%| E|CS|TAMS 0x0000000712900000, 0x0000000712900000| Complete 
| 252|0x0000000712a00000, 0x0000000712b00000, 0x0000000712b00000|100%| E|CS|TAMS 0x0000000712a00000, 0x0000000712a00000| Complete 
| 253|0x0000000712b00000, 0x0000000712c00000, 0x0000000712c00000|100%| E|CS|TAMS 0x0000000712b00000, 0x0000000712b00000| Complete 

Card table byte_map: [0x000001533f480000,0x000001533fc70000] _byte_map_base: 0x000001533bc69000

Marking Bits (Prev, Next): (CMBitMap*) 0x000001532b90cb38, (CMBitMap*) 0x000001532b90cb70
 Prev Bits: [0x0000015340460000, 0x00000153443a8000)
 Next Bits: [0x00000153443b0000, 0x00000153482f8000)

Polling page: 0x0000015329ff0000

Metaspace:

Usage:
  Non-class:     47.37 MB capacity,    47.05 MB (>99%) used,   242.69 KB ( <1%) free+waste,    81.81 KB ( <1%) overhead. 
      Class:      6.27 MB capacity,     6.07 MB ( 97%) used,   175.11 KB (  3%) free+waste,    35.69 KB ( <1%) overhead. 
       Both:     53.64 MB capacity,    53.12 MB (>99%) used,   417.80 KB ( <1%) free+waste,   117.50 KB ( <1%) overhead. 

Virtual space:
  Non-class space:       48.00 MB reserved,      47.50 MB ( 99%) committed 
      Class space:        1.00 GB reserved,       6.38 MB ( <1%) committed 
             Both:        1.05 GB reserved,      53.88 MB (  5%) committed 

Chunk freelists:
   Non-Class:  7.00 KB
       Class:  10.00 KB
        Both:  17.00 KB

MaxMetaspaceSize: 17179869184.00 GB
CompressedClassSpaceSize: 1.00 GB

CodeHeap 'non-profiled nmethods': size=120000Kb used=2433Kb max_used=2433Kb free=117566Kb
 bounds [0x0000015336d00000, 0x0000015336f70000, 0x000001533e230000]
CodeHeap 'profiled nmethods': size=120000Kb used=14248Kb max_used=14248Kb free=105751Kb
 bounds [0x000001532f7d0000, 0x00000153305c0000, 0x0000015336d00000]
CodeHeap 'non-nmethods': size=5760Kb used=1210Kb max_used=1249Kb free=4549Kb
 bounds [0x000001532f230000, 0x000001532f4a0000, 0x000001532f7d0000]
 total_blobs=6033 nmethods=5474 adapters=468
 compilation: enabled
              stopped_count=0, restarted_count=0
 full_count=0

Compilation events (20 events):
Event: 12.523 Thread 0x000001534b78e800 5469       3       org.jetbrains.kotlin.com.intellij.util.containers.ImmutableList$Itr::hasNext (20 bytes)
Event: 12.523 Thread 0x000001534b78e800 nmethod 5469 0x0000015330594810 code [0x00000153305949e0, 0x0000015330594c08]
Event: 12.523 Thread 0x000001534b78e800 5470       3       org.jetbrains.kotlin.cli.jvm.index.JvmDependenciesIndexImpl::traverseDirectoriesInPackage (47 bytes)
Event: 12.526 Thread 0x000001534b78e800 nmethod 5470 0x0000015330594d10 code [0x0000015330595160, 0x0000015330596e08]
Event: 12.526 Thread 0x000001534b78e800 5471       3       org.jetbrains.kotlin.com.intellij.openapi.util.NotNullLazyKey::getValue (84 bytes)
Event: 12.527 Thread 0x000001534b78e800 nmethod 5471 0x0000015330597810 code [0x0000015330597a80, 0x00000153305986b8]
Event: 12.527 Thread 0x000001534b78e800 5472       3       java.io.File::getName (42 bytes)
Event: 12.528 Thread 0x000001534b78e800 nmethod 5472 0x0000015330598990 code [0x0000015330598bc0, 0x00000153305990f8]
Event: 12.528 Thread 0x000001534b78e800 5473       3       org.jetbrains.kotlin.com.intellij.util.containers.ConcurrentRefValueHashMap::get (35 bytes)
Event: 12.528 Thread 0x000001534b78e800 nmethod 5473 0x0000015330599310 code [0x0000015330599500, 0x0000015330599988]
Event: 12.528 Thread 0x000001534b78e800 5474       1       kotlin.collections.EmptyList::hashCode (2 bytes)
Event: 12.528 Thread 0x000001534b78e800 nmethod 5474 0x0000015336f5e390 code [0x0000015336f5e540, 0x0000015336f5e5f8]
Event: 12.528 Thread 0x000001534b78e800 5467       1       org.jetbrains.kotlin.types.AbstractTypeConstructor::getShouldReportCyclicScopeWithCompanionWarning (5 bytes)
Event: 12.529 Thread 0x000001534b78e800 nmethod 5467 0x0000015336f5e690 code [0x0000015336f5e840, 0x0000015336f5e8f8]
Event: 12.529 Thread 0x000001534b78e800 5475       3       org.jetbrains.kotlin.types.checker.KotlinTypePreparator::prepareType (171 bytes)
Event: 12.531 Thread 0x000001534b78e800 nmethod 5475 0x0000015330599a90 code [0x0000015330599f60, 0x000001533059c648]
Event: 12.531 Thread 0x000001534b78e800 5476       3       org.jetbrains.kotlin.types.checker.ClassicTypeCheckerContext::prepareType (66 bytes)
Event: 12.532 Thread 0x000001534b78e800 nmethod 5476 0x000001533059d090 code [0x000001533059d320, 0x000001533059de18]
Event: 12.532 Thread 0x000001534b78e800 5477       1       org.jetbrains.kotlin.resolve.calls.inference.components.AbstractTypeCheckerContextForConstraintSystem::getTypeSystemContext (5 bytes)
Event: 12.532 Thread 0x000001534b78e800 nmethod 5477 0x0000015336f5e990 code [0x0000015336f5eb40, 0x0000015336f5ebf8]

GC Heap History (10 events):
Event: 1.502 GC heap before
{Heap before GC invocations=0 (full 0):
 garbage-first heap   total 260096K, used 27648K [0x0000000702e00000, 0x0000000800000000)
  region size 1024K, 24 young (24576K), 0 survivors (0K)
 Metaspace       used 12334K, capacity 12405K, committed 12544K, reserved 1060864K
  class space    used 1158K, capacity 1174K, committed 1280K, reserved 1048576K
}
Event: 1.509 GC heap after
{Heap after GC invocations=1 (full 0):
 garbage-first heap   total 260096K, used 5736K [0x0000000702e00000, 0x0000000800000000)
  region size 1024K, 3 young (3072K), 3 survivors (3072K)
 Metaspace       used 12334K, capacity 12405K, committed 12544K, reserved 1060864K
  class space    used 1158K, capacity 1174K, committed 1280K, reserved 1048576K
}
Event: 3.098 GC heap before
{Heap before GC invocations=1 (full 0):
 garbage-first heap   total 260096K, used 41576K [0x0000000702e00000, 0x0000000800000000)
  region size 1024K, 39 young (39936K), 3 survivors (3072K)
 Metaspace       used 20925K, capacity 21165K, committed 21248K, reserved 1069056K
  class space    used 2219K, capacity 2286K, committed 2304K, reserved 1048576K
}
Event: 3.121 GC heap after
{Heap after GC invocations=2 (full 0):
 garbage-first heap   total 260096K, used 9364K [0x0000000702e00000, 0x0000000800000000)
  region size 1024K, 7 young (7168K), 7 survivors (7168K)
 Metaspace       used 20925K, capacity 21165K, committed 21248K, reserved 1069056K
  class space    used 2219K, capacity 2286K, committed 2304K, reserved 1048576K
}
Event: 5.624 GC heap before
{Heap before GC invocations=3 (full 0):
 garbage-first heap   total 260096K, used 70804K [0x0000000702e00000, 0x0000000800000000)
  region size 1024K, 55 young (56320K), 7 survivors (7168K)
 Metaspace       used 31310K, capacity 31755K, committed 31872K, reserved 1077248K
  class space    used 3721K, capacity 3889K, committed 3968K, reserved 1048576K
}
Event: 5.647 GC heap after
{Heap after GC invocations=4 (full 0):
 garbage-first heap   total 260096K, used 23400K [0x0000000702e00000, 0x0000000800000000)
  region size 1024K, 6 young (6144K), 6 survivors (6144K)
 Metaspace       used 31310K, capacity 31755K, committed 31872K, reserved 1077248K
  class space    used 3721K, capacity 3889K, committed 3968K, reserved 1048576K
}
Event: 6.471 GC heap before
{Heap before GC invocations=4 (full 0):
 garbage-first heap   total 260096K, used 41832K [0x0000000702e00000, 0x0000000800000000)
  region size 1024K, 25 young (25600K), 6 survivors (6144K)
 Metaspace       used 35146K, capacity 35536K, committed 35584K, reserved 1081344K
  class space    used 4144K, capacity 4316K, committed 4352K, reserved 1048576K
}
Event: 6.499 GC heap after
{Heap after GC invocations=5 (full 0):
 garbage-first heap   total 260096K, used 25397K [0x0000000702e00000, 0x0000000800000000)
  region size 1024K, 8 young (8192K), 8 survivors (8192K)
 Metaspace       used 35146K, capacity 35536K, committed 35584K, reserved 1081344K
  class space    used 4144K, capacity 4316K, committed 4352K, reserved 1048576K
}
Event: 10.016 GC heap before
{Heap before GC invocations=6 (full 0):
 garbage-first heap   total 260096K, used 117557K [0x0000000702e00000, 0x0000000800000000)
  region size 1024K, 97 young (99328K), 8 survivors (8192K)
 Metaspace       used 46888K, capacity 47367K, committed 47744K, reserved 1091584K
  class space    used 5483K, capacity 5673K, committed 5760K, reserved 1048576K
}
Event: 10.032 GC heap after
{Heap after GC invocations=7 (full 0):
 garbage-first heap   total 260096K, used 33684K [0x0000000702e00000, 0x0000000800000000)
  region size 1024K, 11 young (11264K), 11 survivors (11264K)
 Metaspace       used 46888K, capacity 47367K, committed 47744K, reserved 1091584K
  class space    used 5483K, capacity 5673K, committed 5760K, reserved 1048576K
}

Deoptimization events (20 events):
Event: 12.431 Thread 0x000001532b8ab000 DEOPT PACKING pc=0x0000015336f28534 sp=0x00000002bb1fb430
Event: 12.431 Thread 0x000001532b8ab000 DEOPT UNPACKING pc=0x000001532f25772f sp=0x00000002bb1fb408 mode 2
Event: 12.431 Thread 0x000001532b8ab000 Uncommon trap: trap_request=0xffffffc6 fr.pc=0x0000015336f28534 relative=0x0000000000000c34
Event: 12.431 Thread 0x000001532b8ab000 Uncommon trap: reason=bimorphic_or_optimized_type_check action=maybe_recompile pc=0x0000015336f28534 method=kotlin.collections.CollectionsKt__MutableCollectionsKt.addAll(Ljava/util/Collection;Ljava/lang/Iterable;)Z @ 26 c2
Event: 12.431 Thread 0x000001532b8ab000 DEOPT PACKING pc=0x0000015336f28534 sp=0x00000002bb1fb430
Event: 12.431 Thread 0x000001532b8ab000 DEOPT UNPACKING pc=0x000001532f25772f sp=0x00000002bb1fb408 mode 2
Event: 12.447 Thread 0x000001532b8ab000 Uncommon trap: trap_request=0xffffff4d fr.pc=0x0000015336f136b0 relative=0x0000000000000070
Event: 12.447 Thread 0x000001532b8ab000 Uncommon trap: reason=unstable_if action=reinterpret pc=0x0000015336f136b0 method=org.jetbrains.kotlin.types.ErrorUtils.isError(Lorg/jetbrains/kotlin/descriptors/DeclarationDescriptor;)Z @ 22 c2
Event: 12.447 Thread 0x000001532b8ab000 DEOPT PACKING pc=0x0000015336f136b0 sp=0x00000002bb1fba00
Event: 12.447 Thread 0x000001532b8ab000 DEOPT UNPACKING pc=0x000001532f25772f sp=0x00000002bb1fb9a0 mode 2
Event: 12.456 Thread 0x000001532b8ab000 DEOPT PACKING pc=0x00000153303fbe93 sp=0x00000002bb1fbb50
Event: 12.456 Thread 0x000001532b8ab000 DEOPT UNPACKING pc=0x000001532f25754e sp=0x00000002bb1faff0 mode 0
Event: 12.471 Thread 0x000001532b8ab000 Uncommon trap: trap_request=0xffffff4d fr.pc=0x0000015336e183c8 relative=0x0000000000000128
Event: 12.471 Thread 0x000001532b8ab000 Uncommon trap: reason=unstable_if action=reinterpret pc=0x0000015336e183c8 method=org.jetbrains.kotlin.com.intellij.psi.tree.TokenSet.contains(Lorg/jetbrains/kotlin/com/intellij/psi/tree/IElementType;)Z @ 1 c2
Event: 12.471 Thread 0x000001532b8ab000 DEOPT PACKING pc=0x0000015336e183c8 sp=0x00000002bb1fbab0
Event: 12.471 Thread 0x000001532b8ab000 DEOPT UNPACKING pc=0x000001532f25772f sp=0x00000002bb1fba68 mode 2
Event: 12.532 Thread 0x000001532b8ab000 Uncommon trap: trap_request=0xffffffc6 fr.pc=0x0000015336f295f8 relative=0x00000000000000b8
Event: 12.532 Thread 0x000001532b8ab000 Uncommon trap: reason=bimorphic_or_optimized_type_check action=maybe_recompile pc=0x0000015336f295f8 method=org.jetbrains.kotlin.types.DelegatingSimpleType.getConstructor()Lorg/jetbrains/kotlin/types/TypeConstructor; @ 4 c2
Event: 12.532 Thread 0x000001532b8ab000 DEOPT PACKING pc=0x0000015336f295f8 sp=0x00000002bb1fc1b0
Event: 12.532 Thread 0x000001532b8ab000 DEOPT UNPACKING pc=0x000001532f25772f sp=0x00000002bb1fc138 mode 2

Classes redefined (0 events):
No events

Internal exceptions (20 events):
Event: 3.670 Thread 0x000001532b8ab000 Exception <a 'java/lang/NoSuchMethodError'{0x000000071224d788}: 'java.lang.Object java.lang.invoke.DirectMethodHandle$Holder.invokeSpecial(java.lang.Object, java.lang.Object, int, int, java.lang.Object, java.lang.Object, java.lang.Object)'> (0x000000071224d788) thrown at [./src/hotspot/share/interpreter/linkResolver.cpp, line 773]
Event: 3.671 Thread 0x000001532b8ab000 Exception <a 'java/lang/NoSuchMethodError'{0x0000000712250fc0}: 'java.lang.Object java.lang.invoke.DelegatingMethodHandle$Holder.reinvoke_L(java.lang.Object, int, int, java.lang.Object, java.lang.Object, java.lang.Object)'> (0x0000000712250fc0) thrown at [./src/hotspot/share/interpreter/linkResolver.cpp, line 773]
Event: 3.672 Thread 0x000001532b8ab000 Exception <a 'java/lang/NoSuchMethodError'{0x0000000712255348}: 'java.lang.Object java.lang.invoke.DirectMethodHandle$Holder.invokeStatic(java.lang.Object, java.lang.Object, java.lang.Object, java.lang.Object, int)'> (0x0000000712255348) thrown at [./src/hotspot/share/interpreter/linkResolver.cpp, line 773]
Event: 3.768 Thread 0x000001532b8ab000 Implicit null exception at 0x0000015336d87b2c to 0x0000015336d87cda
Event: 3.857 Thread 0x000001532b8ab000 Exception <a 'java/lang/NoSuchMethodError'{0x0000000711dd2230}: 'void java.lang.invoke.DirectMethodHandle$Holder.invokeStatic(java.lang.Object, java.lang.Object, java.lang.Object, java.lang.Object)'> (0x0000000711dd2230) thrown at [./src/hotspot/share/interpreter/linkResolver.cpp, line 773]
Event: 3.917 Thread 0x000001532b8ab000 Exception <a 'java/lang/NoSuchMethodError'{0x0000000711b22518}: 'void java.lang.invoke.DirectMethodHandle$Holder.invokeSpecial(java.lang.Object, java.lang.Object)'> (0x0000000711b22518) thrown at [./src/hotspot/share/interpreter/linkResolver.cpp, line 773]
Event: 4.022 Thread 0x000001532b8ab000 Exception <a 'java/lang/NoSuchMethodError'{0x00000007119c5ae8}: 'void java.lang.invoke.DirectMethodHandle$Holder.invokeStaticInit(java.lang.Object, java.lang.Object)'> (0x00000007119c5ae8) thrown at [./src/hotspot/share/interpreter/linkResolver.cpp, line 773]
Event: 4.043 Thread 0x000001532b8ab000 Exception <a 'java/lang/NoSuchMethodError'{0x0000000711804568}: 'void java.lang.invoke.DirectMethodHandle$Holder.invokeInterface(java.lang.Object, java.lang.Object)'> (0x0000000711804568) thrown at [./src/hotspot/share/interpreter/linkResolver.cpp, line 773]
Event: 4.217 Thread 0x000001532b8ab000 Exception <a 'java/lang/NoSuchMethodError'{0x000000071141d5b8}: 'void java.lang.invoke.DirectMethodHandle$Holder.invokeVirtual(java.lang.Object, java.lang.Object)'> (0x000000071141d5b8) thrown at [./src/hotspot/share/interpreter/linkResolver.cpp, line 773]
Event: 4.239 Thread 0x000001532b8ab000 Exception <a 'java/lang/NoSuchMethodError'{0x0000000711493a30}: 'int java.lang.invoke.DirectMethodHandle$Holder.invokeVirtual(java.lang.Object, java.lang.Object)'> (0x0000000711493a30) thrown at [./src/hotspot/share/interpreter/linkResolver.cpp, line 773]
Event: 6.029 Thread 0x000001532b8ab000 Exception <a 'java/lang/NoSuchMethodError'{0x0000000712453598}: 'java.lang.Object java.lang.invoke.DirectMethodHandle$Holder.invokeVirtual(java.lang.Object, java.lang.Object, java.lang.Object)'> (0x0000000712453598) thrown at [./src/hotspot/share/interpreter/linkResolver.cpp, line 773]
Event: 7.661 Thread 0x000001532b8ab000 Exception <a 'java/lang/NoSuchMethodError'{0x000000071072dc80}: 'java.lang.Object java.lang.invoke.Invokers$Holder.linkToTargetMethod(java.lang.Object, int, java.lang.Object)'> (0x000000071072dc80) thrown at [./src/hotspot/share/interpreter/linkResolver.cpp, line 773]
Event: 7.762 Thread 0x000001532b8ab000 Exception <a 'java/lang/NoSuchMethodError'{0x000000071069df10}: 'java.lang.Object java.lang.invoke.DirectMethodHandle$Holder.invokeStatic(java.lang.Object, java.lang.Object, java.lang.Object, int)'> (0x000000071069df10) thrown at [./src/hotspot/share/interpreter/linkResolver.cpp, line 773]
Event: 7.763 Thread 0x000001532b8ab000 Exception <a 'java/lang/NoSuchMethodError'{0x00000007106a1b80}: 'java.lang.Object java.lang.invoke.DirectMethodHandle$Holder.invokeSpecial(java.lang.Object, java.lang.Object, java.lang.Object, java.lang.Object, int)'> (0x00000007106a1b80) thrown at [./src/hotspot/share/interpreter/linkResolver.cpp, line 773]
Event: 7.763 Thread 0x000001532b8ab000 Exception <a 'java/lang/NoSuchMethodError'{0x00000007106a4e90}: 'java.lang.Object java.lang.invoke.Invokers$Holder.linkToTargetMethod(java.lang.Object, java.lang.Object, int, java.lang.Object)'> (0x00000007106a4e90) thrown at [./src/hotspot/share/interpreter/linkResolver.cpp, line 773]
Event: 10.494 Thread 0x000001532b8ab000 Exception <a 'java/lang/NoSuchMethodError'{0x0000000711cc2b58}: 'java.lang.Object java.lang.invoke.DirectMethodHandle$Holder.invokeStaticInit(java.lang.Object, java.lang.Object, java.lang.Object)'> (0x0000000711cc2b58) thrown at [./src/hotspot/share/interpreter/linkResolver.cpp, line 773]
Event: 12.078 Thread 0x000001532b8ab000 Exception <a 'java/lang/NoSuchMethodError'{0x000000070fa3f0f0}: 'int java.lang.invoke.DirectMethodHandle$Holder.invokeInterface(java.lang.Object, java.lang.Object)'> (0x000000070fa3f0f0) thrown at [./src/hotspot/share/interpreter/linkResolver.cpp, line 773]
Event: 12.308 Thread 0x000001532b8ab000 Exception <a 'java/lang/NoSuchMethodError'{0x000000070f1310b0}: 'java.lang.Object java.lang.invoke.Invokers$Holder.linkToTargetMethod(java.lang.Object, java.lang.Object, java.lang.Object, int, int, java.lang.Object)'> (0x000000070f1310b0) thrown at [./src/hotspot/share/interpreter/linkResolver.cpp, line 773]
Event: 12.330 Thread 0x000001532b8ab000 Exception <a 'java/lang/NoSuchMethodError'{0x000000070f198ed0}: 'java.lang.Object java.lang.invoke.Invokers$Holder.linkToTargetMethod(java.lang.Object, java.lang.Object, java.lang.Object, java.lang.Object, java.lang.Object, java.lang.Object)'> (0x000000070f198ed0) thrown at [./src/hotspot/share/interpreter/linkResolver.cpp, line 773]
Event: 12.471 Thread 0x000001532b8ab000 Implicit null exception at 0x0000015336e182cc to 0x0000015336e183b4

Events (20 events):
Event: 12.504 loading class org/jetbrains/kotlin/types/checker/TypeIntersector$ResultNullability$NOT_NULL
Event: 12.504 loading class org/jetbrains/kotlin/types/checker/TypeIntersector$ResultNullability$NOT_NULL done
Event: 12.505 loading class org/jetbrains/kotlin/types/checker/NullabilityChecker
Event: 12.505 loading class org/jetbrains/kotlin/types/checker/NullabilityChecker done
Event: 12.505 loading class org/jetbrains/kotlin/types/DefinitelyNotNullType$Companion
Event: 12.505 loading class org/jetbrains/kotlin/types/DefinitelyNotNullType$Companion done
Event: 12.506 loading class org/jetbrains/kotlin/types/checker/TypeIntersector$intersectTypesWithoutIntersectionType$errorMessage$1
Event: 12.506 loading class org/jetbrains/kotlin/types/checker/TypeIntersector$intersectTypesWithoutIntersectionType$errorMessage$1 done
Event: 12.506 loading class org/jetbrains/kotlin/types/checker/TypeIntersector$intersectTypesWithoutIntersectionType$filteredEqualTypes$1
Event: 12.506 loading class org/jetbrains/kotlin/types/checker/TypeIntersector$intersectTypesWithoutIntersectionType$filteredEqualTypes$1 done
Event: 12.528 loading class org/jetbrains/kotlin/resolve/constants/IntegerLiteralTypeConstructor$Companion
Event: 12.528 loading class org/jetbrains/kotlin/resolve/constants/IntegerLiteralTypeConstructor$Companion done
Event: 12.529 loading class org/jetbrains/kotlin/resolve/constants/IntegerLiteralTypeConstructor$Companion$Mode
Event: 12.529 loading class org/jetbrains/kotlin/resolve/constants/IntegerLiteralTypeConstructor$Companion$Mode done
Event: 12.530 loading class org/jetbrains/kotlin/types/TypeApproximatorConfiguration$InternalTypesApproximation
Event: 12.530 loading class org/jetbrains/kotlin/types/TypeApproximatorConfiguration$InternalTypesApproximation done
Event: 12.530 loading class org/jetbrains/kotlin/types/AbstractTypeApproximator$approximateToSubType$2$1
Event: 12.530 loading class org/jetbrains/kotlin/types/AbstractTypeApproximator$approximateToSubType$2$1 done
Event: 12.530 loading class org/jetbrains/kotlin/types/AbstractTypeApproximator$referenceApproximateToSubType$1
Event: 12.530 loading class org/jetbrains/kotlin/types/AbstractTypeApproximator$referenceApproximateToSubType$1 done


Dynamic libraries:
0x00007ff77f1f0000 - 0x00007ff77f1fa000 	C:\Program Files\Android\Android Studio\jre\bin\java.exe
0x00007ffa32ab0000 - 0x00007ffa32ca5000 	C:\WINDOWS\SYSTEM32\ntdll.dll
0x00007ffa31e00000 - 0x00007ffa31ebd000 	C:\WINDOWS\System32\KERNEL32.DLL
0x00007ffa301f0000 - 0x00007ffa304b9000 	C:\WINDOWS\System32\KERNELBASE.dll
0x00007ffa30650000 - 0x00007ffa30750000 	C:\WINDOWS\System32\ucrtbase.dll
0x00007ffa1b760000 - 0x00007ffa1b779000 	C:\Program Files\Android\Android Studio\jre\bin\jli.dll
0x00007ffa1b2d0000 - 0x00007ffa1b2e7000 	C:\Program Files\Android\Android Studio\jre\bin\VCRUNTIME140.dll
0x00007ffa31750000 - 0x00007ffa318f0000 	C:\WINDOWS\System32\USER32.dll
0x00007ffa304f0000 - 0x00007ffa30512000 	C:\WINDOWS\System32\win32u.dll
0x00007ffa1e180000 - 0x00007ffa1e41a000 	C:\WINDOWS\WinSxS\amd64_microsoft.windows.common-controls_6595b64144ccf1df_6.0.19041.1110_none_60b5254171f9507e\COMCTL32.dll
0x00007ffa328d0000 - 0x00007ffa328fa000 	C:\WINDOWS\System32\GDI32.dll
0x00007ffa31d60000 - 0x00007ffa31dfe000 	C:\WINDOWS\System32\msvcrt.dll
0x00007ffa30750000 - 0x00007ffa3085b000 	C:\WINDOWS\System32\gdi32full.dll
0x00007ffa30520000 - 0x00007ffa305bd000 	C:\WINDOWS\System32\msvcp_win.dll
0x00007ffa32180000 - 0x00007ffa321b0000 	C:\WINDOWS\System32\IMM32.DLL
0x00007ff9f0360000 - 0x00007ff9f03fd000 	C:\Program Files\Android\Android Studio\jre\bin\msvcp140.dll
0x00007ff9ef890000 - 0x00007ff9f034c000 	C:\Program Files\Android\Android Studio\jre\bin\server\jvm.dll
0x00007ffa32590000 - 0x00007ffa3263c000 	C:\WINDOWS\System32\ADVAPI32.dll
0x00007ffa31ec0000 - 0x00007ffa31f5b000 	C:\WINDOWS\System32\sechost.dll
0x00007ffa327a0000 - 0x00007ffa328ca000 	C:\WINDOWS\System32\RPCRT4.dll
0x00007ffa31f60000 - 0x00007ffa31f68000 	C:\WINDOWS\System32\PSAPI.DLL
0x00007ffa20880000 - 0x00007ffa20889000 	C:\WINDOWS\SYSTEM32\WSOCK32.dll
0x00007ffa26c70000 - 0x00007ffa26c97000 	C:\WINDOWS\SYSTEM32\WINMM.dll
0x00007ffa321b0000 - 0x00007ffa3221b000 	C:\WINDOWS\System32\WS2_32.dll
0x00007ffa26ca0000 - 0x00007ffa26caa000 	C:\WINDOWS\SYSTEM32\VERSION.dll
0x00007ffa2e120000 - 0x00007ffa2e132000 	C:\WINDOWS\SYSTEM32\kernel.appcore.dll
0x00007ffa1b740000 - 0x00007ffa1b751000 	C:\Program Files\Android\Android Studio\jre\bin\verify.dll
0x00007ffa20ea0000 - 0x00007ffa21084000 	C:\WINDOWS\SYSTEM32\DBGHELP.DLL
0x00007ffa20540000 - 0x00007ffa2056c000 	C:\WINDOWS\SYSTEM32\dbgcore.DLL
0x00007ffa305c0000 - 0x00007ffa30643000 	C:\WINDOWS\System32\bcryptPrimitives.dll
0x00007ffa1b710000 - 0x00007ffa1b739000 	C:\Program Files\Android\Android Studio\jre\bin\java.dll
0x00007ffa2c170000 - 0x00007ffa2c17b000 	C:\Program Files\Android\Android Studio\jre\bin\jimage.dll
0x00007ffa1b6f0000 - 0x00007ffa1b708000 	C:\Program Files\Android\Android Studio\jre\bin\zip.dll
0x00007ffa31010000 - 0x00007ffa3174f000 	C:\WINDOWS\System32\SHELL32.dll
0x00007ffa2e320000 - 0x00007ffa2eab1000 	C:\WINDOWS\SYSTEM32\windows.storage.dll
0x00007ffa30c50000 - 0x00007ffa30fa5000 	C:\WINDOWS\System32\combase.dll
0x00007ffa2fb90000 - 0x00007ffa2fbbc000 	C:\WINDOWS\SYSTEM32\Wldp.dll
0x00007ffa323d0000 - 0x00007ffa3247e000 	C:\WINDOWS\System32\SHCORE.dll
0x00007ffa32120000 - 0x00007ffa32175000 	C:\WINDOWS\System32\shlwapi.dll
0x00007ffa30130000 - 0x00007ffa3014f000 	C:\WINDOWS\SYSTEM32\profapi.dll
0x00007ffa1b540000 - 0x00007ffa1b55a000 	C:\Program Files\Android\Android Studio\jre\bin\net.dll
0x00007ffa23390000 - 0x00007ffa2349a000 	C:\WINDOWS\SYSTEM32\WINHTTP.dll
0x00007ffa2f8f0000 - 0x00007ffa2f95a000 	C:\WINDOWS\system32\mswsock.dll
0x00007ffa1b520000 - 0x00007ffa1b534000 	C:\Program Files\Android\Android Studio\jre\bin\nio.dll

dbghelp: loaded successfully - version: 4.0.5 - missing functions: none
symbol engine: initialized successfully - sym options: 0x614 - pdb path: .;C:\Program Files\Android\Android Studio\jre\bin;C:\WINDOWS\SYSTEM32;C:\WINDOWS\WinSxS\amd64_microsoft.windows.common-controls_6595b64144ccf1df_6.0.19041.1110_none_60b5254171f9507e;C:\Program Files\Android\Android Studio\jre\bin\server

VM Arguments:
java_command: org.jetbrains.kotlin.cli.jvm.K2JVMCompiler @D:\KOMUNITAS\INFORMOBILE\MovieZProject\app\build\20210806_10502413704241126225.compiler.options
java_class_path (initial): C:\Users\frede\.gradle\caches\modules-2\files-2.1\org.jetbrains.kotlin\kotlin-compiler-embeddable\1.5.21\40ddbcae9ff100473f95370c2d589ba3fc48eed5\kotlin-compiler-embeddable-1.5.21.jar;C:\Users\frede\.gradle\caches\modules-2\files-2.1\org.jetbrains.kotlin\kotlin-reflect\1.5.21\802f1f39735ae1eb2b75714a40fa19bb2e687e96\kotlin-reflect-1.5.21.jar;C:\Users\frede\.gradle\caches\modules-2\files-2.1\org.jetbrains.kotlin\kotlin-stdlib\1.5.21\2f537cad7e9eeb9da73738c8812e1e4cf9b62e4e\kotlin-stdlib-1.5.21.jar;C:\Users\frede\.gradle\caches\modules-2\files-2.1\org.jetbrains.kotlin\kotlin-script-runtime\1.5.21\96d49e89873fde985750af354b6eabb60cfa999b\kotlin-script-runtime-1.5.21.jar;C:\Users\frede\.gradle\caches\modules-2\files-2.1\org.jetbrains.kotlin\kotlin-daemon-embeddable\1.5.21\17255809e66a940dfdf6289bccbdfb5a09f3145\kotlin-daemon-embeddable-1.5.21.jar;C:\Users\frede\.gradle\caches\modules-2\files-2.1\org.jetbrains.intellij.deps\trove4j\1.0.20181211\216c2e14b070f334479d800987affe4054cd563f\trove4j-1.0.20181211.jar;C:\Users\frede\.gradle\caches\modules-2\files-2.1\org.jetbrains\annotations\13.0\919f0dfe192fb4e063e7dacadee7f8bb9a2672a9\annotations-13.0.jar;C:\Users\frede\.gradle\caches\modules-2\files-2.1\org.jetbrains.kotlin\kotlin-stdlib-common\1.5.21\cc8bf3586fd2ebcf234058b9440bb406e62dfacb\kotlin-stdlib-common-1.5.21.jar
Launcher Type: SUN_STANDARD

[Global flags]
     intx CICompilerCount                          = 4                                         {product} {ergonomic}
     uint ConcGCThreads                            = 2                                         {product} {ergonomic}
     uint G1ConcRefinementThreads                  = 8                                         {product} {ergonomic}
   size_t G1HeapRegionSize                         = 1048576                                   {product} {ergonomic}
    uintx GCDrainStackTargetSize                   = 64                                        {product} {ergonomic}
   size_t InitialHeapSize                          = 266338304                                 {product} {ergonomic}
   size_t MarkStackSize                            = 4194304                                   {product} {ergonomic}
   size_t MaxHeapSize                              = 4246732800                                {product} {ergonomic}
   size_t MaxNewSize                               = 2548039680                                {product} {ergonomic}
   size_t MinHeapDeltaBytes                        = 1048576                                   {product} {ergonomic}
    uintx NonNMethodCodeHeapSize                   = 5836300                                {pd product} {ergonomic}
    uintx NonProfiledCodeHeapSize                  = 122910970                              {pd product} {ergonomic}
    uintx ProfiledCodeHeapSize                     = 122910970                              {pd product} {ergonomic}
    uintx ReservedCodeCacheSize                    = 251658240                              {pd product} {ergonomic}
     bool SegmentedCodeCache                       = true                                      {product} {ergonomic}
     bool UseCompressedClassPointers               = true                                 {lp64_product} {ergonomic}
     bool UseCompressedOops                        = true                                 {lp64_product} {ergonomic}
     bool UseG1GC                                  = true                                      {product} {ergonomic}
     bool UseLargePagesIndividualAllocation        = false                                  {pd product} {ergonomic}

Logging:
Log output configuration:
 #0: stdout all=warning uptime,level,tags
 #1: stderr all=off uptime,level,tags

Environment Variables:
PATH=C:\Program Files\Common Files\Oracle\Java\javapath;C:\Program Files (x86)\Common Files\Oracle\Java\javapath;C:\Program Files\Python38\Scripts\;C:\Program Files\Python38\;C:\ProgramData\Oracle\Java\javapath;C:\WINDOWS\system32;C:\WINDOWS;C:\WINDOWS\System32\Wbem;C:\WINDOWS\System32\WindowsPowerShell\v1.0\;C:\WINDOWS\System32\OpenSSH\;C:\Program Files\Microsoft SQL Server\130\Tools\Binn\;C:\Program Files (x86)\mingw-w64\i686-8.1.0-posix-dwarf-rt_v6-rev0\mingw32\bin;C:\Program Files\Microsoft SQL Server\120\Tools\Binn\;C:\Program Files\Git\cmd;C:\Users\frede\AppData\Local\Programs\Python\Python39\Scripts\;C:\Users\frede\AppData\Local\Programs\Python\Python39\;C:\Users\frede\AppData\Local\Microsoft\WindowsApps;C:\Users\frede\AppData\Local\GitHubDesktop\bin;C:\Program Files\JetBrains\PyCharm Edu 2020.2.3\bin;;C:\Users\frede\AppData\Local\Programs\Microsoft VS Code\bin
USERNAME=frede
OS=Windows_NT
PROCESSOR_IDENTIFIER=AMD64 Family 23 Model 24 Stepping 1, AuthenticAMD



---------------  S Y S T E M  ---------------

OS: Windows 10 , 64 bit Build 19041 (10.0.19041.1023)
OS uptime: 0 days 4:10 hours

CPU:total 8 (initial active 8) (8 cores per cpu, 2 threads per core) family 23 model 24 stepping 1, cmov, cx8, fxsr, mmx, sse, sse2, sse3, ssse3, sse4.1, sse4.2, popcnt, avx, avx2, aes, clmul, mmxext, 3dnowpref, lzcnt, sse4a, ht, tsc, tscinvbit, tscinv, bmi1, bmi2, adx, sha, fma

Memory: 4k page, system-wide physical 16193M (5889M free)
TotalPageFile size 26945M (AvailPageFile size 13475M)
current process WorkingSet (physical memory assigned to process): 345M, peak: 345M
current process commit charge ("private bytes"): 507M, peak: 507M

vm_info: OpenJDK 64-Bit Server VM (11.0.8+10-b944.6842174) for windows-amd64 JRE (11.0.8+10-b944.6842174), built on Sep 19 2020 01:11:42 by "builder" with MS VC++ 14.0 (VS2015)

END.
